New log file opened at Sun May 15 04:26:00 EAT 2016 by 23450@abdulrahman-Presario-CQ56-Notebook-PC
Sending msg to client activator-832e1f4b-475e-49ed-a972-1a468e707db7: DetachedLogEvent(LogMessage(debug,sbt server socket logs are in: /home/abdul-rahman/MedAid/.sbtserver/connections/master.log))
Sending msg to client activator-832e1f4b-475e-49ed-a972-1a468e707db7: DetachedLogEvent(LogMessage(debug,sbt general server logs are in: /home/abdul-rahman/MedAid/.sbtserver/master.log))
Sending msg to client activator-832e1f4b-475e-49ed-a972-1a468e707db7: DetachedLogEvent(LogMessage(debug,sbt client logs are in: /home/abdul-rahman/MedAid/.sbtserver/connections/activator-832e1f4b-475e-49ed-a972-1a468e707db7.log))
Reading next message from client.
Got request: ListenToEvents()
Reading next message from client.
Sending msg to client activator-832e1f4b-475e-49ed-a972-1a468e707db7: (3,ReceivedResponse())
Got request: ListenToBuildChange()
Reading next message from client.
Got request: SendSyntheticBuildChanged()
Reading next message from client.
Got request: KeyLookupRequest(discoveredMainClasses)
Reading next message from client.
Got request: KeyLookupRequest(mainClass)
Reading next message from client.
Got request: UnlistenToEvents()
Reading next message from client.
Sending msg to client activator-832e1f4b-475e-49ed-a972-1a468e707db7: (8,ReceivedResponse())
Got request: UnlistenToBuildChange()
Reading next message from client.
Client activator-832e1f4b-475e-49ed-a972-1a468e707db7 EOF, shutting down.
Stopping client.
Client activator-832e1f4b-475e-49ed-a972-1a468e707db7 thread exiting.
Dropping message (0,ReceivedResponse()) to dead client activator-832e1f4b-475e-49ed-a972-1a468e707db7
